
 ==============================
 S N O P T  7.2-5    (May 2007)
 ==============================
 
 SNMEMB EXIT 100 -- finished successfully
 SNMEMB INFO 104 -- memory requirements estimated

 ==============================
 S N O P T  7.2-5    (May 2007)
 ==============================
 
 

 Nonlinear constraints       6     Linear constraints       0
 Nonlinear variables        75     Linear variables         0
 Jacobian  variables        75     Objective variables     75
 Total constraints           6     Total variables         75
 

 
 The user has defined     450   out of     450   constraint gradients.
 The user has defined      75   out of      75   objective  gradients.
 

 Major Minors     Step   nCon Feasible  Optimal  MeritFunction    nS Penalty
     0     69               1 (0.0E+00) 3.8E-03 -3.0417148E+00    69           r
     1      1  1.8E-01      2 (0.0E+00) 3.9E-03 -3.0685430E+00    69         n rl
     2      1  1.8E-01      4 (0.0E+00) 3.9E-03 -3.0958016E+00    69         n rl
     3      1  4.1E+00      6 (0.0E+00) 3.1E-03 -3.6358851E+00    69         s
     4      1  3.6E-01      8 (0.0E+00) 2.8E-03 -4.2259215E+00    69
     5      1  6.7E-01     10 (0.0E+00) 3.4E-03 -4.6594782E+00    69
     6      1  3.4E-01     14 (0.0E+00) 8.2E-03 -5.0253528E+00    69
     7      1  3.1E-01     16 (0.0E+00) 5.4E-03 -5.0663476E+00    69
     8      1  1.0E+00     17 (0.0E+00) 2.0E-03 -5.6393853E+00    69
     9      1  1.0E+00     18 (0.0E+00) 8.6E-04 -5.8361661E+00    69

 Major Minors     Step   nCon Feasible  Optimal  MeritFunction    nS Penalty
    10      1  1.0E+00     19 (0.0E+00) 7.3E-04 -5.9989880E+00    69
    11      1  1.0E+00     20 (0.0E+00) 5.1E-04 -6.0556629E+00    69
    12      1  1.0E+00     21 (0.0E+00) 4.3E-04 -6.1014605E+00    69
    13      1  1.0E+00     22 (0.0E+00) 3.3E-04 -6.1312464E+00    69
    14      1  1.0E+00     23 (0.0E+00) 3.8E-04 -6.1505814E+00    69
    15      1  1.0E+00     24 (0.0E+00) 2.2E-04 -6.1671387E+00    69
    16      1  1.0E+00     25 (0.0E+00) 1.3E-04 -6.1764111E+00    69
    17      1  1.0E+00     26 (0.0E+00) 1.4E-04 -6.1812231E+00    69
    18      1  1.0E+00     27 (0.0E+00) 1.4E-04 -6.1854952E+00    69
    19      1  1.0E+00     28 (0.0E+00) 1.4E-04 -6.1879860E+00    69

 Major Minors     Step   nCon Feasible  Optimal  MeritFunction    nS Penalty
    20      1  1.0E+00     29 (0.0E+00) 5.8E-05 -6.1893217E+00    69
    21      1  1.0E+00     30 (0.0E+00) 6.6E-05 -6.1901939E+00    69
    22      1  1.0E+00     31 (0.0E+00) 6.3E-05 -6.1908841E+00    69
    23      1  1.0E+00     32 (0.0E+00) 5.9E-05 -6.1913578E+00    69
    24      1  1.0E+00     33 (0.0E+00) 4.8E-05 -6.1917395E+00    69
    25      1  1.0E+00     34 (0.0E+00) 3.6E-05 -6.1920805E+00    69
    26      1  1.0E+00     35 (0.0E+00) 2.9E-05 -6.1923500E+00    69
    27      1  1.0E+00     36 (0.0E+00) 1.8E-05 -6.1925121E+00    69
    28      1  1.0E+00     37 (0.0E+00) 1.7E-05 -6.1925992E+00    69
    29      1  1.0E+00     38 (0.0E+00) 1.5E-05 -6.1926526E+00    69

 Major Minors     Step   nCon Feasible  Optimal  MeritFunction    nS Penalty
    30      1  1.0E+00     39 (0.0E+00) 1.1E-05 -6.1926885E+00    69
    31      1  1.0E+00     40 (0.0E+00) 8.6E-06 -6.1927133E+00    69
    32      1  1.0E+00     41 (0.0E+00) 9.7E-06 -6.1927319E+00    69
    33      1  1.0E+00     42 (0.0E+00) 7.7E-06 -6.1927455E+00    69
    34      1  1.0E+00     43 (0.0E+00) 6.0E-06 -6.1927544E+00    69
    35      1  1.0E+00     44 (0.0E+00) 5.6E-06 -6.1927605E+00    69
    36      1  1.0E+00     45 (0.0E+00) 5.0E-06 -6.1927658E+00    69
    37      1  1.0E+00     46 (0.0E+00) 4.4E-06 -6.1927709E+00    69
    38      1  1.0E+00     47 (0.0E+00) 3.5E-06 -6.1927752E+00    69
    39      1  1.0E+00     48 (0.0E+00) 3.3E-06 -6.1927788E+00    69

 Major Minors     Step   nCon Feasible  Optimal  MeritFunction    nS Penalty
    40      1  1.0E+00     49 (0.0E+00) 2.5E-06 -6.1927821E+00    69
    41      1  1.0E+00     50 (0.0E+00) 2.9E-06 -6.1927849E+00    69
    42      1  1.0E+00     51 (0.0E+00) 2.2E-06 -6.1927871E+00    69
    43      1  1.0E+00     52 (0.0E+00) 2.1E-06 -6.1927884E+00    69
    44      1  1.0E+00     53 (0.0E+00)(1.6E-06)-6.1927893E+00    69
 
 SNOPTC EXIT   0 -- finished successfully
 SNOPTC INFO   1 -- optimality conditions satisfied

 Problem name                 O
 No. of iterations                 113   Objective value     -6.1927893403E+00
 No. of major iterations            44   Linear objective     0.0000000000E+00
 Penalty parameter           0.000E+00   Nonlinear objective -6.1927893403E+00
 No. of calls to funobj             54   No. of calls to funcon             54
 No. of superbasics                 69   No. of basic nonlinears             6
 No. of degenerate steps             0   Percentage                       0.00
 Max x                       6 1.9E+02   Max pi                      4 1.6E-03
 Max Primal infeas           0 0.0E+00   Max Dual infeas            17 3.3E-06
 Nonlinear constraint violn    0.0E+00
 
 

 Solution printed on file  18
 
 Time for MPS input                             0.00 seconds
 Time for solving problem                      52.06 seconds
 Time for solution output                       0.00 seconds
 Time for constraint functions                 53.11 seconds
 Time for objective function                    0.00 seconds
