
 ==============================
 S N O P T  7.2-5    (May 2007)
 ==============================
 
 SNMEMB EXIT 100 -- finished successfully
 SNMEMB INFO 104 -- memory requirements estimated

 ==============================
 S N O P T  7.2-5    (May 2007)
 ==============================
 
 

 Nonlinear constraints      71     Linear constraints       0
 Nonlinear variables       111     Linear variables         0
 Jacobian  variables       111     Objective variables    111
 Total constraints          71     Total variables        111
 

 
 The user has defined    5117   out of    5117   constraint gradients.
 The user has defined     111   out of     111   objective  gradients.
 

 Major Minors     Step   nCon Feasible  Optimal  MeritFunction    nS Penalty
     0     77               1 (6.3E-05) 2.7E-02  6.4018071E+02    59           r
     1      3  2.1E-02      4 (6.2E-05) 5.2E-03  5.9437396E+02    60         n r
     2      7  2.1E-01      6 (5.0E-05) 2.1E-01  5.7061558E+02    60         s
     3      9  4.1E-01      8 (3.3E-05) 6.2E-01  5.5256294E+02    61
     4      5  4.7E-02     10 (3.2E-05) 1.2E+00  5.4775588E+02    61
     5      5  1.7E-01     12 (2.6E-05) 2.7E-01  5.4204959E+02    63
     6      2  2.3E-01     14 (2.1E-05) 3.6E-01  5.3911402E+02    62
     7     14  1.0E+00     15 (2.2E-06) 6.8E-01  5.1809003E+02    71
     8      2  1.0E+00     16 (2.0E-07) 8.3E-01  4.8414185E+02    70
     9      4  1.0E+00     17 (7.8E-07) 9.8E-01  4.5909247E+02    71

 Major Minors     Step   nCon Feasible  Optimal  MeritFunction    nS Penalty
    10     65  4.5E-02     19 (1.6E-06) 1.0E+00  4.3868943E+02    71
    11      3  1.0E+00     20 (1.5E-06) 5.6E-01  3.8337230E+02    71
    12      4  2.0E-01     22  1.1E-04  3.7E-01  3.6255655E+02    72           R
    13      1  1.0E+00     23 (1.1E-05) 3.6E-01  3.4925478E+02    72 2.5E+03 s
    14      2  1.0E+00     24 (8.2E-07) 5.9E-01  3.2245250E+02    73 5.8E+01
    15      2  1.0E+00     25 (2.5E-06) 6.5E-01  2.6683446E+02    72 1.3E+01
    16      3  1.0E+00     26 (2.8E-08) 7.5E-01  2.6111937E+02    71 3.3E+06
    17      4  1.0E+00     27 (6.6E-07) 5.8E-01  2.3302877E+02    72 4.1E+03
    18      2  1.0E+00     28 (5.7E-07) 8.6E-01  1.8130234E+02    71 2.6E+02
    19      8  1.0E+00     29 (7.4E-06) 1.5E+00  5.2671745E+01    74 1.1E+02

 Major Minors     Step   nCon Feasible  Optimal  MeritFunction    nS Penalty
    20      4  1.0E+00     30 (4.7E-05) 8.2E-01 -4.8018415E+01    71 1.2E+05
    21      4  1.0E+00     31 (4.0E-06) 1.2E+00 -1.6904241E+02    71 1.5E+03
    22      4  1.0E+00     32 (6.7E-07) 6.3E-01 -3.1984147E+02    70 3.3E+02
    23      4  1.0E+00     33 (1.2E-06) 1.2E-01 -4.0446317E+02    71 2.7E+02   R
    24      5  1.0E+00     34 (3.4E-08) 1.0E-01 -4.1067774E+02    73 2.7E+02 s
    25      5  1.0E+00     35 (1.9E-07) 4.0E-01 -4.1738296E+02    74 2.7E+02
    26      1  1.0E+00     36 (1.9E-08) 7.8E-01 -4.2007161E+02    74 2.7E+02
    27      1  1.0E+00     37 (5.5E-08) 2.8E+00 -4.2017911E+02    74 2.7E+02
    28      4  1.0E+00     38 (2.3E-08) 1.4E+00 -4.2121816E+02    73 2.7E+02
    29      2  1.0E+00     39 (4.2E-08) 4.5E-01 -4.2128244E+02    73 2.7E+02

 Major Minors     Step   nCon Feasible  Optimal  MeritFunction    nS Penalty
    30      4  4.6E-09     47 (4.2E-08) 1.0E+00 -4.2128244E+02    71 2.7E+02
    31      3  1.0E+00     48 (3.4E-06) 1.4E+00 -4.2167133E+02    73 2.7E+02
    32      3  2.9E-10     56 (3.4E-06) 5.1E+00 -4.2167133E+02    71 2.7E+02
    33      2  1.0E+00     57 (3.8E-06) 1.1E+00 -4.3858500E+02    71 2.7E+02
    34      2  1.0E-10     65 (3.8E-06) 9.2E-02 -4.3858500E+02    71 2.7E+02   R
    35      2  1.0E+00     66 (8.6E-09) 1.1E+00 -4.3885679E+02    70 2.7E+02 s
    36      2  5.9E-02     77 (7.2E-08) 8.5E-01 -4.3988459E+02    71 2.7E+02 n
    37      9  1.6E-05     87 (7.2E-08) 4.6E-01 -4.3988493E+02    70 2.7E+02
    38      1  9.9E-06     98 (7.2E-08) 4.6E-01 -4.3988582E+02    70 2.7E+02 n
    39     10  9.9E-06    108 (7.2E-08) 7.4E-02 -4.3988672E+02    72 2.7E+02 n R

 Major Minors     Step   nCon Feasible  Optimal  MeritFunction    nS Penalty
    40      1  4.4E-02    119 (7.0E-08) 6.3E-01 -4.3995828E+02    72 2.7E+02 sM
    41      7  1.5E-03    129 (7.0E-08) 6.0E-01 -4.3996663E+02    72 2.7E+02
    42      6  3.3E-05    139 (7.0E-08) 6.5E-01 -4.3996796E+02    71 2.7E+02
    43      1  8.9E-10    149 (7.0E-08) 6.5E-01 -4.3996796E+02    71 2.7E+02 n
    44      9  8.9E-10    159 (7.0E-08) 5.5E-02 -4.3996796E+02    75 2.7E+02 n R
    45     11  1.2E-05    169 (7.0E-08) 1.4E+00 -4.3996798E+02    70 2.7E+02 s
    46      1  1.5E-10    179 (7.0E-08) 1.4E+00 -4.3996798E+02    70 2.7E+02 n
    47     10  1.5E-10    189 (7.0E-08) 6.8E-02 -4.3996798E+02    74 2.7E+02 n R
    48     17  3.0E-08    199 (7.0E-08) 5.9E-02 -4.3996798E+02    68 2.7E+02 s
    49      1  6.5E-11    209 (7.0E-08) 5.9E-02 -4.3996798E+02    68 2.7E+02 n

 Major Minors     Step   nCon Feasible  Optimal  MeritFunction    nS Penalty
    50      9  6.5E-11    219 (7.0E-08) 1.4E-01 -4.3996798E+02    72 2.7E+02 n R
 
 SNOPTC EXIT  30 -- resource limit error
 SNOPTC INFO  32 -- major iteration limit reached

 Problem name                 O
 No. of iterations                 367   Objective value     -4.3996535009E+02
 No. of major iterations            50   Linear objective     0.0000000000E+00
 Penalty parameter           2.668E+02   Nonlinear objective -4.3996535009E+02
 No. of calls to funobj            220   No. of calls to funcon            220
 No. of superbasics                 72   No. of basic nonlinears            41
 No. of degenerate steps             5   Percentage                       1.36
 Max x                       7 3.3E+02   Max pi                     28 4.5E+02
 Max Primal infeas         166 2.4E-10   Max Dual infeas            75 6.2E+02
 Nonlinear constraint violn    4.8E-05
 
 

 Solution printed on file  18
 
 Time for MPS input                             0.00 seconds
 Time for solving problem                   72661.45 seconds
 Time for solution output                       0.02 seconds
 Time for constraint functions              72998.75 seconds
 Time for objective function                    0.00 seconds
