
         ==============================
         S N O P T  7.2-5    (May 2007)
         ==============================
      Verify level               0
      Major iterations limit              50
      Minor iterations limit            1000
      Iterations limit         1000000
      Major step limit  2.00000000E+00
      Major feasibility tolerance  1.00000000E-04
      Major optimality tolerance  1.00000000E-03
      Minor feasibility tolerance  1.00000000E-04
      Derivative level               3
1
 
 SNMEMB EXIT 100 -- finished successfully
 SNMEMB INFO 104 -- memory requirements estimated

         ==============================
         S N O P T  7.2-5    (May 2007)
         ==============================
      Verify level               0
      Major iterations limit              50
      Minor iterations limit            1000
      Iterations limit         1000000
      Major step limit  2.00000000E+00
      Major feasibility tolerance  1.00000000E-04
      Major optimality tolerance  1.00000000E-03
      Minor feasibility tolerance  1.00000000E-04
      Derivative level               3
1
 
 Parameters
 ==========

 Files
 -----
 Solution file..........         0       Old basis file ........         0       Standard input.........         5
 Insert file............         0       New basis file ........         0       (Printer)..............        18
 Punch file.............         0       Backup basis file......         0       (Specs file)...........         0
 Load file..............         0       Dump file..............         0       Standard output........         6

 Frequencies
 -----------
 Print frequency........       100       Check frequency........        60       Save new basis map.....       100
 Summary frequency......       100       Factorization frequency        50       Expand frequency.......     10000

 QP subproblems
 --------------
 QPsolver Cholesky......
 Scale tolerance........     0.900       Minor feasibility tol..  1.00E-04       Iteration limit........   1000000
 Scale option...........         0       Minor optimality  tol..  1.00E-06       Minor print level......         1
 Crash tolerance........     0.100       Pivot tolerance........  3.25E-11       Partial price..........         1
 Crash option...........         3       Elastic weight.........  1.00E+04       Prtl price section ( A)        30
                                         New superbasics........        99       Prtl price section (-I)        28

 The SQP Method
 --------------
 Minimize...............                 Cold start.............                 Proximal Point method..         1
 Nonlinear objectiv vars        30       Major optimality tol...  1.00E-03       Function precision.....  3.00E-13
 Unbounded step size....  1.00E+20       Superbasics limit......        30       Difference interval....  5.48E-07
 Unbounded objective....  1.00E+15       Reduced Hessian dim....        30       Central difference int.  6.70E-05
 Major step limit.......  2.00E+00       Derivative linesearch..                 Derivative level.......         3
 Major iterations limit.        50       Linesearch tolerance...   0.90000       Verify level...........         0
 Minor iterations limit.      1000       Penalty parameter......  0.00E+00       Major Print Level......         1

 Hessian Approximation
 ---------------------
 Full-Memory Hessian....                 Hessian updates........  99999999       Hessian frequency......  99999999
                                                                                 Hessian flush..........  99999999

 Nonlinear constraints
 ---------------------
 Nonlinear constraints..        28       Major feasibility tol..  1.00E-04       Violation limit........  1.00E+06
 Nonlinear Jacobian vars        30

 Miscellaneous
 -------------
 LU factor tolerance....      3.99       LU singularity tol.....  3.25E-11       Timing level...........         3
 LU update tolerance....      3.99       LU swap tolerance......  1.22E-04       Debug level............         0
 LU partial  pivoting...                 eps (machine precision)  2.22E-16       System information.....        No
1
 

 

 Matrix statistics
 -----------------
               Total      Normal        Free       Fixed     Bounded
 Rows             28          23           0           3           2
 Columns          30           9          12           0           9

 No. of matrix elements                  425     Density      50.595
 Biggest                          0.0000E+00  (excluding fixed columns,
 Smallest                         0.0000E+00   free rows, and RHS)

 No. of objective coefficients             0

 Nonlinear constraints      28     Linear constraints       0
 Nonlinear variables        30     Linear variables         0
 Jacobian  variables        30     Objective variables     30
 Total constraints          28     Total variables         30
1
 

 
 The user has defined     425   out of     425   constraint gradients.
 The user has defined      30   out of      30   objective  gradients.

 Cheap test of user-supplied problem derivatives...

 The constraint gradients seem to be OK.

 -->  The largest discrepancy was    5.37E-02  in constraint    34
 

 The objective  gradients seem to be OK.

 Gradient projected in one direction  -3.71634606992E-04
 Difference approximation              3.38560749583E-02
1
 
 

   Itns Major Minors    Step   nCon Feasible  Optimal  MeritFunction     L+U BSwap     nS  condHz Penalty
     23     0     23              1  1.1E-04  4.2E-01  1.3730555E+01     110           20 4.0E+00         _  r
     31     1      8 5.8E-02      3  1.1E-04  3.9E-01  1.3708167E+01     127           19 8.0E+00         _n r
     36     2      5 5.1E-02      5  1.0E-04  1.8E-01  1.3625427E+01     120     3     19 2.2E+00         _s
     42     3      6 1.0E+00      6 (2.0E-08) 1.1E+00  1.3595979E+01      90           21 1.2E+01         _
     46     4      4 1.0E+00      7 (1.4E-09) 2.5E-01  1.3406532E+01     101           20 4.4E+01         _
     53     5      7 1.0E+00      8 (7.0E-05) 9.2E-01  1.3072869E+01     122     1     20 3.4E+02         _
     64     6     11 4.2E-01     10  4.3E-04  1.1E+00  1.2375399E+01     149           18 5.9E+02         _
     85     7     21 1.0E+00     11 (1.4E-05) 9.6E-01  1.1420895E+01     124     4     19 5.0E+08         _
     92     8      7 1.0E+00     12  1.6E-04  3.4E-01  1.0522799E+01     122     5     19 8.7E+02         _
     95     9      3 1.0E+00     13  2.4E-04  1.0E+00  1.0367961E+01     108     3     20 2.5E+02         _
     97    10      2 1.0E+00     14 (3.1E-05) 5.3E-01  9.8172121E+00     110           21 3.8E+02         _
    105    11      8 1.0E+00     15 (2.5E-06) 1.1E+00  9.5843960E+00      99           20 5.3E+01         _
    110    12      5 1.0E+00     16 (4.8E-05) 9.9E-01  8.6785003E+00      82           20 5.1E+02         _
    114    13      4 2.9E-01     18 (3.9E-05) 6.7E-01  8.5064873E+00     105           19 1.5E+02         _
    118    14      4 5.5E-01     20 (4.1E-08) 2.8E-01  7.3851999E+00     105     1     22 3.4E+03         _
    125    15      7 3.1E-01     22 (1.6E-07) 1.6E+00  7.2036358E+00     111           19 3.0E+02         _
    133    16      8 3.1E-01     24 (1.1E-07) 5.5E-01  6.5397385E+00     100           20 8.9E+02         _
    136    17      3 1.0E+00     25 (7.7E-05) 9.5E-01  6.3609319E+00      90           22 7.8E+03         _
    143    18      7 1.0E+00     26 (1.4E-08) 1.0E+00  6.2282092E+00     108           23 5.0E+03         _
    148    19      5 1.0E+00     27  1.0E-04  8.5E-01  5.8237432E+00     111     3     21 1.3E+04         _

   Itns Major Minors    Step   nCon Feasible  Optimal  MeritFunction     L+U BSwap     nS  condHz Penalty
    153    20      5 1.0E+00     28 (6.3E-07) 8.7E-01  5.0011825E+00     110           21 6.6E+02         _
    159    21      6 1.0E+00     29 (1.9E-07) 1.1E+00  4.3635930E+00     118           20 1.2E+04         _
