
         ==============================
         S N O P T  7.2-5    (May 2007)
         ==============================
      Major iterations limit              30
      Minor iterations limit            1000
      Iterations limit         1000000
      Major step limit  2.00000000E+00
      Major feasibility tolerance  1.00000000E-04
      Major optimality tolerance  1.00000000E-03
      Minor feasibility tolerance  1.00000000E-04
      Derivative level               3
1
 
 SNMEMB EXIT 100 -- finished successfully
 SNMEMB INFO 104 -- memory requirements estimated

         ==============================
         S N O P T  7.2-5    (May 2007)
         ==============================
      Major iterations limit              30
      Minor iterations limit            1000
      Iterations limit         1000000
      Major step limit  2.00000000E+00
      Major feasibility tolerance  1.00000000E-04
      Major optimality tolerance  1.00000000E-03
      Minor feasibility tolerance  1.00000000E-04
      Derivative level               3
1
 
 Parameters
 ==========

 Files
 -----
 Solution file..........         0       Old basis file ........         0       Standard input.........         5
 Insert file............         0       New basis file ........         0       (Printer)..............        18
 Punch file.............         0       Backup basis file......         0       (Specs file)...........         0
 Load file..............         0       Dump file..............         0       Standard output........         6

 Frequencies
 -----------
 Print frequency........       100       Check frequency........        60       Save new basis map.....       100
 Summary frequency......       100       Factorization frequency        50       Expand frequency.......     10000

 QP subproblems
 --------------
 QPsolver Cholesky......
 Scale tolerance........     0.900       Minor feasibility tol..  1.00E-04       Iteration limit........   1000000
 Scale option...........         0       Minor optimality  tol..  1.00E-06       Minor print level......         1
 Crash tolerance........     0.100       Pivot tolerance........  3.25E-11       Partial price..........         1
 Crash option...........         3       Elastic weight.........  1.00E+04       Prtl price section ( A)       111
                                         New superbasics........        99       Prtl price section (-I)        71

 The SQP Method
 --------------
 Minimize...............                 Cold start.............                 Proximal Point method..         1
 Nonlinear objectiv vars       111       Major optimality tol...  1.00E-03       Function precision.....  3.00E-13
 Unbounded step size....  1.00E+20       Superbasics limit......       111       Difference interval....  5.48E-07
 Unbounded objective....  1.00E+15       Reduced Hessian dim....       111       Central difference int.  6.70E-05
 Major step limit.......  2.00E+00       Derivative linesearch..                 Derivative level.......         3
 Major iterations limit.        30       Linesearch tolerance...   0.90000       Verify level...........         0
 Minor iterations limit.      1000       Penalty parameter......  0.00E+00       Major Print Level......         1

 Hessian Approximation
 ---------------------
 Limited-Memory Hessian.                 Hessian updates........        10       Hessian frequency......  99999999
                                                                                 Hessian flush..........  99999999

 Nonlinear constraints
 ---------------------
 Nonlinear constraints..        71       Major feasibility tol..  1.00E-04       Violation limit........  1.00E+06
 Nonlinear Jacobian vars       111

 Miscellaneous
 -------------
 LU factor tolerance....      3.99       LU singularity tol.....  3.25E-11       Timing level...........         3
 LU update tolerance....      3.99       LU swap tolerance......  1.22E-04       Debug level............         0
 LU partial  pivoting...                 eps (machine precision)  2.22E-16       System information.....        No
1
 

 

 Matrix statistics
 -----------------
               Total      Normal        Free       Fixed     Bounded
 Rows             71          39           0          30           2
 Columns         111           3          66           0          42

 No. of matrix elements                 5117     Density      64.928
 Biggest                          0.0000E+00  (excluding fixed columns,
 Smallest                         0.0000E+00   free rows, and RHS)

 No. of objective coefficients             0

 Nonlinear constraints      71     Linear constraints       0
 Nonlinear variables       111     Linear variables         0
 Jacobian  variables       111     Objective variables    111
 Total constraints          71     Total variables        111
1
 

 
 The user has defined    5117   out of    5117   constraint gradients.
 The user has defined     111   out of     111   objective  gradients.

 Cheap test of user-supplied problem derivatives...

 The constraint gradients seem to be OK.

 -->  The largest discrepancy was    2.05E-03  in constraint   179
 

 The objective  gradients seem to be OK.

 Gradient projected in one direction   2.53007257505E+04
 Difference approximation              2.50756996657E+04
1
 
 

   Itns Major Minors    Step   nCon Feasible  Optimal  MeritFunction     L+U BSwap     nS  condHz Penalty
     82     0     82              1 (9.8E-05) 5.2E-02 -1.0509100E+05     654           55 1.6E+03         _  r
